2025-03-19 11:53:27,923 - INFO - Вызов функции: add_product, время: 2025-03-19 11:53:27, аргументы: (<__main__.Store object at 0x000002757EBC0590>, Product(id=1, name='Телефон', price=1000.0, quantity=10)), {}
2025-03-19 11:53:27,924 - INFO - Товар Телефон добавлен в магазин
2025-03-19 11:53:27,924 - INFO - Вызов функции: add_product, время: 2025-03-19 11:53:27, аргументы: (<__main__.Store object at 0x000002757EBC0590>, Product(id=2, name='Ноутбук', price=1500.0, quantity=5)), {}
2025-03-19 11:53:27,924 - INFO - Товар Ноутбук добавлен в магазин
2025-03-19 11:53:27,924 - INFO - Вызов функции: get_product, время: 2025-03-19 11:53:27, аргументы: (<__main__.Store object at 0x000002757EBC0590>, 1), {}
2025-03-19 11:53:27,925 - INFO - Вызов функции: update, время: 2025-03-19 11:53:27, аргументы: (<__main__.StoreProduct object at 0x000002757EBC0830>,), {'price': 900.0, 'quantity': 12}
2025-03-19 11:53:27,926 - INFO - Обновлено: price -> 900.0
2025-03-19 11:53:27,926 - INFO - Обновлено: quantity -> 12
2025-03-19 11:53:27,926 - INFO - Вызов функции: get_product, время: 2025-03-19 11:53:27, аргументы: (<__main__.Store object at 0x000002757EBC0590>, 1), {}
2025-03-19 11:53:27,926 - INFO - Вызов функции: apply_discount, время: 2025-03-19 11:53:27, аргументы: (<__main__.StoreProduct object at 0x000002757EBC0830>, 10), {}
2025-03-19 11:53:27,927 - INFO - Скидка 10% применена. Новая цена: 810.00
2025-03-19 11:53:27,927 - INFO - Вызов функции: list_products, время: 2025-03-19 11:53:27, аргументы: (<__main__.Store object at 0x000002757EBC0590>,), {}
2025-03-19 11:57:53,115 - INFO - Function call: add_product, time: 2025-03-19 11:57:53, arguments: (<__main__.Store object at 0x000002757EBC0AD0>, Product(id=1, name='Phone', price=1000.0, quantity=10)), {}
2025-03-19 11:57:53,115 - INFO - Product Phone added to store
2025-03-19 11:57:53,115 - INFO - Function call: add_product, time: 2025-03-19 11:57:53, arguments: (<__main__.Store object at 0x000002757EBC0AD0>, Product(id=2, name='Laptop', price=1500.0, quantity=5)), {}
2025-03-19 11:57:53,116 - INFO - Product Laptop added to store
2025-03-19 11:57:53,116 - INFO - Function call: get_product, time: 2025-03-19 11:57:53, arguments: (<__main__.Store object at 0x000002757EBC0AD0>, 1), {}
2025-03-19 11:57:53,116 - INFO - Function call: update, time: 2025-03-19 11:57:53, arguments: (<__main__.StoreProduct object at 0x000002757EBC06E0>,), {'price': 900.0, 'quantity': 12}
2025-03-19 11:57:53,116 - INFO - Updated: price -> 900.0
2025-03-19 11:57:53,116 - INFO - Updated: quantity -> 12
2025-03-19 11:57:53,117 - INFO - Function call: get_product, time: 2025-03-19 11:57:53, arguments: (<__main__.Store object at 0x000002757EBC0AD0>, 1), {}
2025-03-19 11:57:53,117 - INFO - Function call: apply_discount, time: 2025-03-19 11:57:53, arguments: (<__main__.StoreProduct object at 0x000002757EBC06E0>, 10), {}
2025-03-19 11:57:53,117 - INFO - Discount 10% applied. New price: 810.00
2025-03-19 11:57:53,117 - INFO - Function call: list_products, time: 2025-03-19 11:57:53, arguments: (<__main__.Store object at 0x000002757EBC0AD0>,), {}
2025-03-19 11:58:55,002 - INFO - Вызов функции: add_product, время: 2025-03-19 11:58:55, аргументы: (<__main__.Store object at 0x000002757EBC0C20>, Product(id=1, name='Телефон', price=1000.0, quantity=10)), {}
2025-03-19 11:58:55,002 - INFO - Товар Телефон добавлен в магазин
2025-03-19 11:58:55,003 - INFO - Вызов функции: add_product, время: 2025-03-19 11:58:55, аргументы: (<__main__.Store object at 0x000002757EBC0C20>, Product(id=2, name='Ноутбук', price=1500.0, quantity=5)), {}
2025-03-19 11:58:55,003 - INFO - Товар Ноутбук добавлен в магазин
2025-03-19 11:58:55,003 - INFO - Вызов функции: get_product, время: 2025-03-19 11:58:55, аргументы: (<__main__.Store object at 0x000002757EBC0C20>, 1), {}
2025-03-19 11:58:55,003 - INFO - Вызов функции: update, время: 2025-03-19 11:58:55, аргументы: (<__main__.StoreProduct object at 0x000002757EBC0590>,), {'price': 900.0, 'quantity': 12}
2025-03-19 11:58:55,003 - INFO - Обновлено: price -> 900.0
2025-03-19 11:58:55,003 - INFO - Обновлено: quantity -> 12
2025-03-19 11:58:55,004 - INFO - Вызов функции: get_product, время: 2025-03-19 11:58:55, аргументы: (<__main__.Store object at 0x000002757EBC0C20>, 1), {}
2025-03-19 11:58:55,004 - INFO - Вызов функции: apply_discount, время: 2025-03-19 11:58:55, аргументы: (<__main__.StoreProduct object at 0x000002757EBC0590>, 10), {}
2025-03-19 11:58:55,004 - INFO - Скидка 10% применена. Новая цена: 810.00
2025-03-19 11:58:55,004 - INFO - Вызов функции: list_products, время: 2025-03-19 11:58:55, аргументы: (<__main__.Store object at 0x000002757EBC0C20>,), {}
2025-03-19 12:02:10,103 - INFO - Вызов функции: add_product, время: 2025-03-19 12:02:10, аргументы: (<__main__.Store object at 0x000002757EBC0D70>, Product(id=1, name='Телефон', price=1000.0, quantity=10)), {}
2025-03-19 12:02:10,104 - INFO - Товар Телефон добавлен в магазин
2025-03-19 12:02:10,104 - INFO - Вызов функции: add_product, время: 2025-03-19 12:02:10, аргументы: (<__main__.Store object at 0x000002757EBC0D70>, Product(id=2, name='Ноутбук', price=1500.0, quantity=5)), {}
2025-03-19 12:02:10,104 - INFO - Товар Ноутбук добавлен в магазин
2025-03-19 12:02:10,104 - INFO - Вызов функции: get_product, время: 2025-03-19 12:02:10, аргументы: (<__main__.Store object at 0x000002757EBC0D70>, 1), {}
2025-03-19 12:02:10,104 - INFO - Вызов функции: update, время: 2025-03-19 12:02:10, аргументы: (<__main__.StoreProduct object at 0x000002757EBC0AD0>,), {'price': 900.0, 'quantity': 12}
2025-03-19 12:02:10,104 - INFO - Обновлено: price -> 900.0
2025-03-19 12:02:10,104 - INFO - Обновлено: quantity -> 12
2025-03-19 12:02:10,105 - INFO - Вызов функции: get_product, время: 2025-03-19 12:02:10, аргументы: (<__main__.Store object at 0x000002757EBC0D70>, 1), {}
2025-03-19 12:02:10,105 - INFO - Вызов функции: apply_discount, время: 2025-03-19 12:02:10, аргументы: (<__main__.StoreProduct object at 0x000002757EBC0AD0>, 10), {}
2025-03-19 12:02:10,105 - INFO - Скидка 10% применена. Новая цена: 810.00
2025-03-19 12:02:10,106 - INFO - Вызов функции: list_products, время: 2025-03-19 12:02:10, аргументы: (<__main__.Store object at 0x000002757EBC0D70>,), {}
2025-03-19 12:03:37,992 - INFO - Вызов функции: add_product, время: 2025-03-19 12:03:37, аргументы: (<__main__.Store object at 0x000002757EBC0EC0>, Product(id=1, name='Телефон', price=1000.0, quantity=10)), {}
2025-03-19 12:03:37,992 - INFO - Товар Телефон добавлен в магазин
2025-03-19 12:03:37,993 - INFO - Вызов функции: add_product, время: 2025-03-19 12:03:37, аргументы: (<__main__.Store object at 0x000002757EBC0EC0>, Product(id=2, name='Ноутбук', price=1500.0, quantity=5)), {}
2025-03-19 12:03:37,993 - INFO - Товар Ноутбук добавлен в магазин
2025-03-19 12:03:37,993 - INFO - Вызов функции: get_product, время: 2025-03-19 12:03:37, аргументы: (<__main__.Store object at 0x000002757EBC0EC0>, 1), {}
2025-03-19 12:03:37,994 - INFO - Вызов функции: update, время: 2025-03-19 12:03:37, аргументы: (<__main__.StoreProduct object at 0x000002757EBC0C20>,), {'price': 900.0, 'quantity': 12}
2025-03-19 12:03:37,995 - INFO - Обновлено: price -> 900.0
2025-03-19 12:03:37,995 - INFO - Обновлено: quantity -> 12
2025-03-19 12:03:37,995 - INFO - Вызов функции: get_product, время: 2025-03-19 12:03:37, аргументы: (<__main__.Store object at 0x000002757EBC0EC0>, 1), {}
2025-03-19 12:03:37,995 - INFO - Вызов функции: apply_discount, время: 2025-03-19 12:03:37, аргументы: (<__main__.StoreProduct object at 0x000002757EBC0C20>, 10), {}
2025-03-19 12:03:37,995 - INFO - Скидка 10% применена. Новая цена: 810.00
2025-03-19 12:03:37,995 - INFO - Вызов функции: list_products, время: 2025-03-19 12:03:37, аргументы: (<__main__.Store object at 0x000002757EBC0EC0>,), {}
2025-03-19 12:10:24,087 - INFO - Р’С‹Р·РѕРІ С„СѓРЅРєС†РёРё: add_product, РІСЂРµРјСЏ: 2025-03-19 12:10:24, Р°СЂРіСѓРјРµРЅС‚С‹: (<__main__.Store object at 0x000002757EBC0AD0>, Product(id=1, name='РўРµР»РµС„РѕРЅ', price=1000.0, quantity=10)), {}
2025-03-19 12:10:24,087 - INFO - Вызов функции: add_product, время: 2025-03-19 12:10:24, аргументы: (<__main__.Store object at 0x000002757EBC0AD0>, Product(id=1, name='Телефон', price=1000.0, quantity=10)), {}
2025-03-19 12:10:24,088 - INFO - РўРѕРІР°СЂ РўРµР»РµС„РѕРЅ РґРѕР±Р°РІР»РµРЅ РІ РјР°РіР°Р·РёРЅ
2025-03-19 12:10:24,088 - INFO - Товар Телефон добавлен в магазин
2025-03-19 12:10:24,088 - INFO - Р’С‹Р·РѕРІ С„СѓРЅРєС†РёРё: add_product, РІСЂРµРјСЏ: 2025-03-19 12:10:24, Р°СЂРіСѓРјРµРЅС‚С‹: (<__main__.Store object at 0x000002757EBC0AD0>, Product(id=2, name='РќРѕСѓС‚Р±СѓРє', price=1500.0, quantity=5)), {}
2025-03-19 12:10:24,088 - INFO - Вызов функции: add_product, время: 2025-03-19 12:10:24, аргументы: (<__main__.Store object at 0x000002757EBC0AD0>, Product(id=2, name='Ноутбук', price=1500.0, quantity=5)), {}
2025-03-19 12:10:24,088 - INFO - РўРѕРІР°СЂ РќРѕСѓС‚Р±СѓРє РґРѕР±Р°РІР»РµРЅ РІ РјР°РіР°Р·РёРЅ
2025-03-19 12:10:24,088 - INFO - Товар Ноутбук добавлен в магазин
2025-03-19 12:10:24,088 - INFO - Р’С‹Р·РѕРІ С„СѓРЅРєС†РёРё: get_product, РІСЂРµРјСЏ: 2025-03-19 12:10:24, Р°СЂРіСѓРјРµРЅС‚С‹: (<__main__.Store object at 0x000002757EBC0AD0>, 1), {}
2025-03-19 12:10:24,088 - INFO - Вызов функции: get_product, время: 2025-03-19 12:10:24, аргументы: (<__main__.Store object at 0x000002757EBC0AD0>, 1), {}
2025-03-19 12:10:24,088 - INFO - Р’С‹Р·РѕРІ С„СѓРЅРєС†РёРё: update, РІСЂРµРјСЏ: 2025-03-19 12:10:24, Р°СЂРіСѓРјРµРЅС‚С‹: (<__main__.StoreProduct object at 0x000002757EBC1160>,), {'price': 900.0, 'quantity': 12}
2025-03-19 12:10:24,088 - INFO - Вызов функции: update, время: 2025-03-19 12:10:24, аргументы: (<__main__.StoreProduct object at 0x000002757EBC1160>,), {'price': 900.0, 'quantity': 12}
2025-03-19 12:10:24,088 - INFO - РћР±РЅРѕРІР»РµРЅРѕ: price -> 900.0
2025-03-19 12:10:24,088 - INFO - Обновлено: price -> 900.0
2025-03-19 12:10:24,089 - INFO - РћР±РЅРѕРІР»РµРЅРѕ: quantity -> 12
2025-03-19 12:10:24,089 - INFO - Обновлено: quantity -> 12
2025-03-19 12:10:24,089 - INFO - Р’С‹Р·РѕРІ С„СѓРЅРєС†РёРё: apply_discount, РІСЂРµРјСЏ: 2025-03-19 12:10:24, Р°СЂРіСѓРјРµРЅС‚С‹: (<__main__.StoreProduct object at 0x000002757EBC1160>, 10), {}
2025-03-19 12:10:24,089 - INFO - Вызов функции: apply_discount, время: 2025-03-19 12:10:24, аргументы: (<__main__.StoreProduct object at 0x000002757EBC1160>, 10), {}
2025-03-19 12:10:24,089 - INFO - РЎРєРёРґРєР° 10% РїСЂРёРјРµРЅРµРЅР°. РќРѕРІР°СЏ С†РµРЅР°: 810.00
2025-03-19 12:10:24,089 - INFO - Скидка 10% применена. Новая цена: 810.00
2025-03-19 12:10:24,089 - INFO - Р’С‹Р·РѕРІ С„СѓРЅРєС†РёРё: list_products, РІСЂРµРјСЏ: 2025-03-19 12:10:24, Р°СЂРіСѓРјРµРЅС‚С‹: (<__main__.Store object at 0x000002757EBC0AD0>,), {}
2025-03-19 12:10:24,089 - INFO - Вызов функции: list_products, время: 2025-03-19 12:10:24, аргументы: (<__main__.Store object at 0x000002757EBC0AD0>,), {}
2025-03-19 12:10:46,643 - INFO - Р’С‹Р·РѕРІ С„СѓРЅРєС†РёРё: add_product, РІСЂРµРјСЏ: 2025-03-19 12:10:46, Р°СЂРіСѓРјРµРЅС‚С‹: (<__main__.Store object at 0x000002757EBC1010>, Product(id=1, name='РўРµР»РµС„РѕРЅ', price=1000.0, quantity=10)), {}
2025-03-19 12:10:46,643 - INFO - Р’С‹Р·РѕРІ С„СѓРЅРєС†РёРё: add_product, РІСЂРµРјСЏ: 2025-03-19 12:10:46, Р°СЂРіСѓРјРµРЅС‚С‹: (<__main__.Store object at 0x000002757EBC1010>, Product(id=1, name='РўРµР»РµС„РѕРЅ', price=1000.0, quantity=10)), {}
2025-03-19 12:10:46,643 - INFO - Вызов функции: add_product, время: 2025-03-19 12:10:46, аргументы: (<__main__.Store object at 0x000002757EBC1010>, Product(id=1, name='Телефон', price=1000.0, quantity=10)), {}
2025-03-19 12:10:46,643 - INFO - РўРѕРІР°СЂ РўРµР»РµС„РѕРЅ РґРѕР±Р°РІР»РµРЅ РІ РјР°РіР°Р·РёРЅ
2025-03-19 12:10:46,643 - INFO - РўРѕРІР°СЂ РўРµР»РµС„РѕРЅ РґРѕР±Р°РІР»РµРЅ РІ РјР°РіР°Р·РёРЅ
2025-03-19 12:10:46,643 - INFO - Товар Телефон добавлен в магазин
2025-03-19 12:10:46,643 - INFO - Р’С‹Р·РѕРІ С„СѓРЅРєС†РёРё: add_product, РІСЂРµРјСЏ: 2025-03-19 12:10:46, Р°СЂРіСѓРјРµРЅС‚С‹: (<__main__.Store object at 0x000002757EBC1010>, Product(id=2, name='РќРѕСѓС‚Р±СѓРє', price=1500.0, quantity=5)), {}
2025-03-19 12:10:46,643 - INFO - Р’С‹Р·РѕРІ С„СѓРЅРєС†РёРё: add_product, РІСЂРµРјСЏ: 2025-03-19 12:10:46, Р°СЂРіСѓРјРµРЅС‚С‹: (<__main__.Store object at 0x000002757EBC1010>, Product(id=2, name='РќРѕСѓС‚Р±СѓРє', price=1500.0, quantity=5)), {}
2025-03-19 12:10:46,643 - INFO - Вызов функции: add_product, время: 2025-03-19 12:10:46, аргументы: (<__main__.Store object at 0x000002757EBC1010>, Product(id=2, name='Ноутбук', price=1500.0, quantity=5)), {}
2025-03-19 12:10:46,644 - INFO - РўРѕРІР°СЂ РќРѕСѓС‚Р±СѓРє РґРѕР±Р°РІР»РµРЅ РІ РјР°РіР°Р·РёРЅ
2025-03-19 12:10:46,644 - INFO - РўРѕРІР°СЂ РќРѕСѓС‚Р±СѓРє РґРѕР±Р°РІР»РµРЅ РІ РјР°РіР°Р·РёРЅ
2025-03-19 12:10:46,644 - INFO - Товар Ноутбук добавлен в магазин
2025-03-19 12:10:46,644 - INFO - Р’С‹Р·РѕРІ С„СѓРЅРєС†РёРё: get_product, РІСЂРµРјСЏ: 2025-03-19 12:10:46, Р°СЂРіСѓРјРµРЅС‚С‹: (<__main__.Store object at 0x000002757EBC1010>, 1), {}
2025-03-19 12:10:46,644 - INFO - Р’С‹Р·РѕРІ С„СѓРЅРєС†РёРё: get_product, РІСЂРµРјСЏ: 2025-03-19 12:10:46, Р°СЂРіСѓРјРµРЅС‚С‹: (<__main__.Store object at 0x000002757EBC1010>, 1), {}
2025-03-19 12:10:46,644 - INFO - Вызов функции: get_product, время: 2025-03-19 12:10:46, аргументы: (<__main__.Store object at 0x000002757EBC1010>, 1), {}
2025-03-19 12:10:46,644 - INFO - Р’С‹Р·РѕРІ С„СѓРЅРєС†РёРё: update, РІСЂРµРјСЏ: 2025-03-19 12:10:46, Р°СЂРіСѓРјРµРЅС‚С‹: (<__main__.StoreProduct object at 0x000002757EBC0AD0>,), {'price': 900.0, 'quantity': 12}
2025-03-19 12:10:46,644 - INFO - Р’С‹Р·РѕРІ С„СѓРЅРєС†РёРё: update, РІСЂРµРјСЏ: 2025-03-19 12:10:46, Р°СЂРіСѓРјРµРЅС‚С‹: (<__main__.StoreProduct object at 0x000002757EBC0AD0>,), {'price': 900.0, 'quantity': 12}
2025-03-19 12:10:46,644 - INFO - Вызов функции: update, время: 2025-03-19 12:10:46, аргументы: (<__main__.StoreProduct object at 0x000002757EBC0AD0>,), {'price': 900.0, 'quantity': 12}
2025-03-19 12:10:46,644 - INFO - РћР±РЅРѕРІР»РµРЅРѕ: price -> 900.0
2025-03-19 12:10:46,644 - INFO - РћР±РЅРѕРІР»РµРЅРѕ: price -> 900.0
2025-03-19 12:10:46,644 - INFO - Обновлено: price -> 900.0
2025-03-19 12:10:46,644 - INFO - РћР±РЅРѕРІР»РµРЅРѕ: quantity -> 12
2025-03-19 12:10:46,644 - INFO - РћР±РЅРѕРІР»РµРЅРѕ: quantity -> 12
2025-03-19 12:10:46,644 - INFO - Обновлено: quantity -> 12
2025-03-19 12:10:46,645 - INFO - Р’С‹Р·РѕРІ С„СѓРЅРєС†РёРё: apply_discount, РІСЂРµРјСЏ: 2025-03-19 12:10:46, Р°СЂРіСѓРјРµРЅС‚С‹: (<__main__.StoreProduct object at 0x000002757EBC0AD0>, 10), {}
2025-03-19 12:10:46,645 - INFO - Р’С‹Р·РѕРІ С„СѓРЅРєС†РёРё: apply_discount, РІСЂРµРјСЏ: 2025-03-19 12:10:46, Р°СЂРіСѓРјРµРЅС‚С‹: (<__main__.StoreProduct object at 0x000002757EBC0AD0>, 10), {}
2025-03-19 12:10:46,645 - INFO - Вызов функции: apply_discount, время: 2025-03-19 12:10:46, аргументы: (<__main__.StoreProduct object at 0x000002757EBC0AD0>, 10), {}
2025-03-19 12:10:46,645 - INFO - РЎРєРёРґРєР° 10% РїСЂРёРјРµРЅРµРЅР°. РќРѕРІР°СЏ С†РµРЅР°: 810.00
2025-03-19 12:10:46,645 - INFO - РЎРєРёРґРєР° 10% РїСЂРёРјРµРЅРµРЅР°. РќРѕРІР°СЏ С†РµРЅР°: 810.00
2025-03-19 12:10:46,645 - INFO - Скидка 10% применена. Новая цена: 810.00
2025-03-19 12:10:46,645 - INFO - Р’С‹Р·РѕРІ С„СѓРЅРєС†РёРё: list_products, РІСЂРµРјСЏ: 2025-03-19 12:10:46, Р°СЂРіСѓРјРµРЅС‚С‹: (<__main__.Store object at 0x000002757EBC1010>,), {}
2025-03-19 12:10:46,645 - INFO - Р’С‹Р·РѕРІ С„СѓРЅРєС†РёРё: list_products, РІСЂРµРјСЏ: 2025-03-19 12:10:46, Р°СЂРіСѓРјРµРЅС‚С‹: (<__main__.Store object at 0x000002757EBC1010>,), {}
2025-03-19 12:10:46,645 - INFO - Вызов функции: list_products, время: 2025-03-19 12:10:46, аргументы: (<__main__.Store object at 0x000002757EBC1010>,), {}
2025-03-19 12:22:10,894 - INFO - Р’С‹Р·РѕРІ С„СѓРЅРєС†РёРё: add_product, РІСЂРµРјСЏ: 2025-03-19 12:22:10, Р°СЂРіСѓРјРµРЅС‚С‹: (<__main__.Store object at 0x000002757EBC1160>, Product(id=1, name='РўРµР»РµС„РѕРЅ', price=1000.0, quantity=10)), {}
2025-03-19 12:22:10,894 - INFO - Р’С‹Р·РѕРІ С„СѓРЅРєС†РёРё: add_product, РІСЂРµРјСЏ: 2025-03-19 12:22:10, Р°СЂРіСѓРјРµРЅС‚С‹: (<__main__.Store object at 0x000002757EBC1160>, Product(id=1, name='РўРµР»РµС„РѕРЅ', price=1000.0, quantity=10)), {}
2025-03-19 12:22:10,894 - INFO - Р’С‹Р·РѕРІ С„СѓРЅРєС†РёРё: add_product, РІСЂРµРјСЏ: 2025-03-19 12:22:10, Р°СЂРіСѓРјРµРЅС‚С‹: (<__main__.Store object at 0x000002757EBC1160>, Product(id=1, name='РўРµР»РµС„РѕРЅ', price=1000.0, quantity=10)), {}
2025-03-19 12:22:10,894 - INFO - Вызов функции: add_product, время: 2025-03-19 12:22:10, аргументы: (<__main__.Store object at 0x000002757EBC1160>, Product(id=1, name='Телефон', price=1000.0, quantity=10)), {}
2025-03-19 12:22:10,894 - INFO - РўРѕРІР°СЂ РўРµР»РµС„РѕРЅ РґРѕР±Р°РІР»РµРЅ РІ РјР°РіР°Р·РёРЅ
2025-03-19 12:22:10,894 - INFO - РўРѕРІР°СЂ РўРµР»РµС„РѕРЅ РґРѕР±Р°РІР»РµРЅ РІ РјР°РіР°Р·РёРЅ
2025-03-19 12:22:10,894 - INFO - РўРѕРІР°СЂ РўРµР»РµС„РѕРЅ РґРѕР±Р°РІР»РµРЅ РІ РјР°РіР°Р·РёРЅ
2025-03-19 12:22:10,894 - INFO - Товар Телефон добавлен в магазин
2025-03-19 12:22:10,894 - INFO - Р’С‹Р·РѕРІ С„СѓРЅРєС†РёРё: add_product, РІСЂРµРјСЏ: 2025-03-19 12:22:10, Р°СЂРіСѓРјРµРЅС‚С‹: (<__main__.Store object at 0x000002757EBC1160>, Product(id=2, name='РќРѕСѓС‚Р±СѓРє', price=1500.0, quantity=5)), {}
2025-03-19 12:22:10,894 - INFO - Р’С‹Р·РѕРІ С„СѓРЅРєС†РёРё: add_product, РІСЂРµРјСЏ: 2025-03-19 12:22:10, Р°СЂРіСѓРјРµРЅС‚С‹: (<__main__.Store object at 0x000002757EBC1160>, Product(id=2, name='РќРѕСѓС‚Р±СѓРє', price=1500.0, quantity=5)), {}
2025-03-19 12:22:10,894 - INFO - Р’С‹Р·РѕРІ С„СѓРЅРєС†РёРё: add_product, РІСЂРµРјСЏ: 2025-03-19 12:22:10, Р°СЂРіСѓРјРµРЅС‚С‹: (<__main__.Store object at 0x000002757EBC1160>, Product(id=2, name='РќРѕСѓС‚Р±СѓРє', price=1500.0, quantity=5)), {}
2025-03-19 12:22:10,894 - INFO - Вызов функции: add_product, время: 2025-03-19 12:22:10, аргументы: (<__main__.Store object at 0x000002757EBC1160>, Product(id=2, name='Ноутбук', price=1500.0, quantity=5)), {}
2025-03-19 12:22:10,895 - INFO - РўРѕРІР°СЂ РќРѕСѓС‚Р±СѓРє РґРѕР±Р°РІР»РµРЅ РІ РјР°РіР°Р·РёРЅ
2025-03-19 12:22:10,895 - INFO - РўРѕРІР°СЂ РќРѕСѓС‚Р±СѓРє РґРѕР±Р°РІР»РµРЅ РІ РјР°РіР°Р·РёРЅ
2025-03-19 12:22:10,895 - INFO - РўРѕРІР°СЂ РќРѕСѓС‚Р±СѓРє РґРѕР±Р°РІР»РµРЅ РІ РјР°РіР°Р·РёРЅ
2025-03-19 12:22:10,895 - INFO - Товар Ноутбук добавлен в магазин
2025-03-19 12:22:10,895 - INFO - Р’С‹Р·РѕРІ С„СѓРЅРєС†РёРё: get_product, РІСЂРµРјСЏ: 2025-03-19 12:22:10, Р°СЂРіСѓРјРµРЅС‚С‹: (<__main__.Store object at 0x000002757EBC1160>, 1), {}
2025-03-19 12:22:10,895 - INFO - Р’С‹Р·РѕРІ С„СѓРЅРєС†РёРё: get_product, РІСЂРµРјСЏ: 2025-03-19 12:22:10, Р°СЂРіСѓРјРµРЅС‚С‹: (<__main__.Store object at 0x000002757EBC1160>, 1), {}
2025-03-19 12:22:10,895 - INFO - Р’С‹Р·РѕРІ С„СѓРЅРєС†РёРё: get_product, РІСЂРµРјСЏ: 2025-03-19 12:22:10, Р°СЂРіСѓРјРµРЅС‚С‹: (<__main__.Store object at 0x000002757EBC1160>, 1), {}
2025-03-19 12:22:10,895 - INFO - Вызов функции: get_product, время: 2025-03-19 12:22:10, аргументы: (<__main__.Store object at 0x000002757EBC1160>, 1), {}
2025-03-19 12:22:10,895 - INFO - Р’С‹Р·РѕРІ С„СѓРЅРєС†РёРё: update, РІСЂРµРјСЏ: 2025-03-19 12:22:10, Р°СЂРіСѓРјРµРЅС‚С‹: (<__main__.StoreProduct object at 0x000002757EBC1010>,), {'price': 900.0, 'quantity': 12}
2025-03-19 12:22:10,895 - INFO - Р’С‹Р·РѕРІ С„СѓРЅРєС†РёРё: update, РІСЂРµРјСЏ: 2025-03-19 12:22:10, Р°СЂРіСѓРјРµРЅС‚С‹: (<__main__.StoreProduct object at 0x000002757EBC1010>,), {'price': 900.0, 'quantity': 12}
2025-03-19 12:22:10,895 - INFO - Р’С‹Р·РѕРІ С„СѓРЅРєС†РёРё: update, РІСЂРµРјСЏ: 2025-03-19 12:22:10, Р°СЂРіСѓРјРµРЅС‚С‹: (<__main__.StoreProduct object at 0x000002757EBC1010>,), {'price': 900.0, 'quantity': 12}
2025-03-19 12:22:10,895 - INFO - Вызов функции: update, время: 2025-03-19 12:22:10, аргументы: (<__main__.StoreProduct object at 0x000002757EBC1010>,), {'price': 900.0, 'quantity': 12}
2025-03-19 12:22:10,896 - INFO - РћР±РЅРѕРІР»РµРЅРѕ: price -> 900.0
2025-03-19 12:22:10,896 - INFO - РћР±РЅРѕРІР»РµРЅРѕ: price -> 900.0
2025-03-19 12:22:10,896 - INFO - РћР±РЅРѕРІР»РµРЅРѕ: price -> 900.0
2025-03-19 12:22:10,896 - INFO - Обновлено: price -> 900.0
2025-03-19 12:22:10,896 - INFO - РћР±РЅРѕРІР»РµРЅРѕ: quantity -> 12
2025-03-19 12:22:10,896 - INFO - РћР±РЅРѕРІР»РµРЅРѕ: quantity -> 12
2025-03-19 12:22:10,896 - INFO - РћР±РЅРѕРІР»РµРЅРѕ: quantity -> 12
2025-03-19 12:22:10,896 - INFO - Обновлено: quantity -> 12
2025-03-19 12:22:10,896 - INFO - Р’С‹Р·РѕРІ С„СѓРЅРєС†РёРё: apply_discount, РІСЂРµРјСЏ: 2025-03-19 12:22:10, Р°СЂРіСѓРјРµРЅС‚С‹: (<__main__.StoreProduct object at 0x000002757EBC1010>, 10), {}
2025-03-19 12:22:10,896 - INFO - Р’С‹Р·РѕРІ С„СѓРЅРєС†РёРё: apply_discount, РІСЂРµРјСЏ: 2025-03-19 12:22:10, Р°СЂРіСѓРјРµРЅС‚С‹: (<__main__.StoreProduct object at 0x000002757EBC1010>, 10), {}
2025-03-19 12:22:10,896 - INFO - Р’С‹Р·РѕРІ С„СѓРЅРєС†РёРё: apply_discount, РІСЂРµРјСЏ: 2025-03-19 12:22:10, Р°СЂРіСѓРјРµРЅС‚С‹: (<__main__.StoreProduct object at 0x000002757EBC1010>, 10), {}
2025-03-19 12:22:10,896 - INFO - Вызов функции: apply_discount, время: 2025-03-19 12:22:10, аргументы: (<__main__.StoreProduct object at 0x000002757EBC1010>, 10), {}
2025-03-19 12:22:10,896 - INFO - РЎРєРёРґРєР° 10% РїСЂРёРјРµРЅРµРЅР°. РќРѕРІР°СЏ С†РµРЅР°: 810.00
2025-03-19 12:22:10,896 - INFO - РЎРєРёРґРєР° 10% РїСЂРёРјРµРЅРµРЅР°. РќРѕРІР°СЏ С†РµРЅР°: 810.00
2025-03-19 12:22:10,896 - INFO - РЎРєРёРґРєР° 10% РїСЂРёРјРµРЅРµРЅР°. РќРѕРІР°СЏ С†РµРЅР°: 810.00
2025-03-19 12:22:10,896 - INFO - Скидка 10% применена. Новая цена: 810.00
2025-03-19 12:22:10,897 - INFO - Р’С‹Р·РѕРІ С„СѓРЅРєС†РёРё: list_products, РІСЂРµРјСЏ: 2025-03-19 12:22:10, Р°СЂРіСѓРјРµРЅС‚С‹: (<__main__.Store object at 0x000002757EBC1160>,), {}
2025-03-19 12:22:10,897 - INFO - Р’С‹Р·РѕРІ С„СѓРЅРєС†РёРё: list_products, РІСЂРµРјСЏ: 2025-03-19 12:22:10, Р°СЂРіСѓРјРµРЅС‚С‹: (<__main__.Store object at 0x000002757EBC1160>,), {}
2025-03-19 12:22:10,897 - INFO - Р’С‹Р·РѕРІ С„СѓРЅРєС†РёРё: list_products, РІСЂРµРјСЏ: 2025-03-19 12:22:10, Р°СЂРіСѓРјРµРЅС‚С‹: (<__main__.Store object at 0x000002757EBC1160>,), {}
2025-03-19 12:22:10,897 - INFO - Вызов функции: list_products, время: 2025-03-19 12:22:10, аргументы: (<__main__.Store object at 0x000002757EBC1160>,), {}
2025-03-19 12:23:40,042 - INFO - Р’С‹Р·РѕРІ С„СѓРЅРєС†РёРё: add_product, РІСЂРµРјСЏ: 2025-03-19 12:23:40, Р°СЂРіСѓРјРµРЅС‚С‹: (<__main__.Store object at 0x000002757EBC06E0>, Product(id=1, name='РўРµР»РµС„РѕРЅ', price=1000.0, quantity=10)), {}
2025-03-19 12:23:40,042 - INFO - Р’С‹Р·РѕРІ С„СѓРЅРєС†РёРё: add_product, РІСЂРµРјСЏ: 2025-03-19 12:23:40, Р°СЂРіСѓРјРµРЅС‚С‹: (<__main__.Store object at 0x000002757EBC06E0>, Product(id=1, name='РўРµР»РµС„РѕРЅ', price=1000.0, quantity=10)), {}
2025-03-19 12:23:40,042 - INFO - Р’С‹Р·РѕРІ С„СѓРЅРєС†РёРё: add_product, РІСЂРµРјСЏ: 2025-03-19 12:23:40, Р°СЂРіСѓРјРµРЅС‚С‹: (<__main__.Store object at 0x000002757EBC06E0>, Product(id=1, name='РўРµР»РµС„РѕРЅ', price=1000.0, quantity=10)), {}
2025-03-19 12:23:40,042 - INFO - Р’С‹Р·РѕРІ С„СѓРЅРєС†РёРё: add_product, РІСЂРµРјСЏ: 2025-03-19 12:23:40, Р°СЂРіСѓРјРµРЅС‚С‹: (<__main__.Store object at 0x000002757EBC06E0>, Product(id=1, name='РўРµР»РµС„РѕРЅ', price=1000.0, quantity=10)), {}
2025-03-19 12:23:40,042 - INFO - Вызов функции: add_product, время: 2025-03-19 12:23:40, аргументы: (<__main__.Store object at 0x000002757EBC06E0>, Product(id=1, name='Телефон', price=1000.0, quantity=10)), {}
2025-03-19 12:23:40,043 - INFO - РўРѕРІР°СЂ РўРµР»РµС„РѕРЅ РґРѕР±Р°РІР»РµРЅ РІ РјР°РіР°Р·РёРЅ
2025-03-19 12:23:40,043 - INFO - РўРѕРІР°СЂ РўРµР»РµС„РѕРЅ РґРѕР±Р°РІР»РµРЅ РІ РјР°РіР°Р·РёРЅ
2025-03-19 12:23:40,043 - INFO - РўРѕРІР°СЂ РўРµР»РµС„РѕРЅ РґРѕР±Р°РІР»РµРЅ РІ РјР°РіР°Р·РёРЅ
2025-03-19 12:23:40,043 - INFO - РўРѕРІР°СЂ РўРµР»РµС„РѕРЅ РґРѕР±Р°РІР»РµРЅ РІ РјР°РіР°Р·РёРЅ
2025-03-19 12:23:40,043 - INFO - Товар Телефон добавлен в магазин
2025-03-19 12:23:40,043 - INFO - Р’С‹Р·РѕРІ С„СѓРЅРєС†РёРё: add_product, РІСЂРµРјСЏ: 2025-03-19 12:23:40, Р°СЂРіСѓРјРµРЅС‚С‹: (<__main__.Store object at 0x000002757EBC06E0>, Product(id=2, name='РќРѕСѓС‚Р±СѓРє', price=1500.0, quantity=5)), {}
2025-03-19 12:23:40,043 - INFO - Р’С‹Р·РѕРІ С„СѓРЅРєС†РёРё: add_product, РІСЂРµРјСЏ: 2025-03-19 12:23:40, Р°СЂРіСѓРјРµРЅС‚С‹: (<__main__.Store object at 0x000002757EBC06E0>, Product(id=2, name='РќРѕСѓС‚Р±СѓРє', price=1500.0, quantity=5)), {}
2025-03-19 12:23:40,043 - INFO - Р’С‹Р·РѕРІ С„СѓРЅРєС†РёРё: add_product, РІСЂРµРјСЏ: 2025-03-19 12:23:40, Р°СЂРіСѓРјРµРЅС‚С‹: (<__main__.Store object at 0x000002757EBC06E0>, Product(id=2, name='РќРѕСѓС‚Р±СѓРє', price=1500.0, quantity=5)), {}
2025-03-19 12:23:40,043 - INFO - Р’С‹Р·РѕРІ С„СѓРЅРєС†РёРё: add_product, РІСЂРµРјСЏ: 2025-03-19 12:23:40, Р°СЂРіСѓРјРµРЅС‚С‹: (<__main__.Store object at 0x000002757EBC06E0>, Product(id=2, name='РќРѕСѓС‚Р±СѓРє', price=1500.0, quantity=5)), {}
2025-03-19 12:23:40,043 - INFO - Вызов функции: add_product, время: 2025-03-19 12:23:40, аргументы: (<__main__.Store object at 0x000002757EBC06E0>, Product(id=2, name='Ноутбук', price=1500.0, quantity=5)), {}
2025-03-19 12:23:40,043 - INFO - РўРѕРІР°СЂ РќРѕСѓС‚Р±СѓРє РґРѕР±Р°РІР»РµРЅ РІ РјР°РіР°Р·РёРЅ
2025-03-19 12:23:40,043 - INFO - РўРѕРІР°СЂ РќРѕСѓС‚Р±СѓРє РґРѕР±Р°РІР»РµРЅ РІ РјР°РіР°Р·РёРЅ
2025-03-19 12:23:40,043 - INFO - РўРѕРІР°СЂ РќРѕСѓС‚Р±СѓРє РґРѕР±Р°РІР»РµРЅ РІ РјР°РіР°Р·РёРЅ
2025-03-19 12:23:40,043 - INFO - РўРѕРІР°СЂ РќРѕСѓС‚Р±СѓРє РґРѕР±Р°РІР»РµРЅ РІ РјР°РіР°Р·РёРЅ
2025-03-19 12:23:40,043 - INFO - Товар Ноутбук добавлен в магазин
2025-03-19 12:23:40,044 - INFO - Р’С‹Р·РѕРІ С„СѓРЅРєС†РёРё: get_product, РІСЂРµРјСЏ: 2025-03-19 12:23:40, Р°СЂРіСѓРјРµРЅС‚С‹: (<__main__.Store object at 0x000002757EBC06E0>, 1), {}
2025-03-19 12:23:40,044 - INFO - Р’С‹Р·РѕРІ С„СѓРЅРєС†РёРё: get_product, РІСЂРµРјСЏ: 2025-03-19 12:23:40, Р°СЂРіСѓРјРµРЅС‚С‹: (<__main__.Store object at 0x000002757EBC06E0>, 1), {}
2025-03-19 12:23:40,044 - INFO - Р’С‹Р·РѕРІ С„СѓРЅРєС†РёРё: get_product, РІСЂРµРјСЏ: 2025-03-19 12:23:40, Р°СЂРіСѓРјРµРЅС‚С‹: (<__main__.Store object at 0x000002757EBC06E0>, 1), {}
2025-03-19 12:23:40,044 - INFO - Р’С‹Р·РѕРІ С„СѓРЅРєС†РёРё: get_product, РІСЂРµРјСЏ: 2025-03-19 12:23:40, Р°СЂРіСѓРјРµРЅС‚С‹: (<__main__.Store object at 0x000002757EBC06E0>, 1), {}
2025-03-19 12:23:40,044 - INFO - Вызов функции: get_product, время: 2025-03-19 12:23:40, аргументы: (<__main__.Store object at 0x000002757EBC06E0>, 1), {}
2025-03-19 12:23:40,044 - INFO - Р’С‹Р·РѕРІ С„СѓРЅРєС†РёРё: update, РІСЂРµРјСЏ: 2025-03-19 12:23:40, Р°СЂРіСѓРјРµРЅС‚С‹: (<__main__.StoreProduct object at 0x000002757EBC0980>,), {'price': 900.0, 'quantity': 12}
2025-03-19 12:23:40,044 - INFO - Р’С‹Р·РѕРІ С„СѓРЅРєС†РёРё: update, РІСЂРµРјСЏ: 2025-03-19 12:23:40, Р°СЂРіСѓРјРµРЅС‚С‹: (<__main__.StoreProduct object at 0x000002757EBC0980>,), {'price': 900.0, 'quantity': 12}
2025-03-19 12:23:40,044 - INFO - Р’С‹Р·РѕРІ С„СѓРЅРєС†РёРё: update, РІСЂРµРјСЏ: 2025-03-19 12:23:40, Р°СЂРіСѓРјРµРЅС‚С‹: (<__main__.StoreProduct object at 0x000002757EBC0980>,), {'price': 900.0, 'quantity': 12}
2025-03-19 12:23:40,044 - INFO - Р’С‹Р·РѕРІ С„СѓРЅРєС†РёРё: update, РІСЂРµРјСЏ: 2025-03-19 12:23:40, Р°СЂРіСѓРјРµРЅС‚С‹: (<__main__.StoreProduct object at 0x000002757EBC0980>,), {'price': 900.0, 'quantity': 12}
2025-03-19 12:23:40,044 - INFO - Вызов функции: update, время: 2025-03-19 12:23:40, аргументы: (<__main__.StoreProduct object at 0x000002757EBC0980>,), {'price': 900.0, 'quantity': 12}
2025-03-19 12:23:40,044 - INFO - РћР±РЅРѕРІР»РµРЅРѕ: price -> 900.0
2025-03-19 12:23:40,044 - INFO - РћР±РЅРѕРІР»РµРЅРѕ: price -> 900.0
2025-03-19 12:23:40,044 - INFO - РћР±РЅРѕРІР»РµРЅРѕ: price -> 900.0
2025-03-19 12:23:40,044 - INFO - РћР±РЅРѕРІР»РµРЅРѕ: price -> 900.0
2025-03-19 12:23:40,044 - INFO - Обновлено: price -> 900.0
2025-03-19 12:23:40,045 - INFO - РћР±РЅРѕРІР»РµРЅРѕ: quantity -> 12
2025-03-19 12:23:40,045 - INFO - РћР±РЅРѕРІР»РµРЅРѕ: quantity -> 12
2025-03-19 12:23:40,045 - INFO - РћР±РЅРѕРІР»РµРЅРѕ: quantity -> 12
2025-03-19 12:23:40,045 - INFO - РћР±РЅРѕРІР»РµРЅРѕ: quantity -> 12
2025-03-19 12:23:40,045 - INFO - Обновлено: quantity -> 12
2025-03-19 12:23:40,045 - INFO - Р’С‹Р·РѕРІ С„СѓРЅРєС†РёРё: apply_discount, РІСЂРµРјСЏ: 2025-03-19 12:23:40, Р°СЂРіСѓРјРµРЅС‚С‹: (<__main__.StoreProduct object at 0x000002757EBC0980>, 10), {}
2025-03-19 12:23:40,045 - INFO - Р’С‹Р·РѕРІ С„СѓРЅРєС†РёРё: apply_discount, РІСЂРµРјСЏ: 2025-03-19 12:23:40, Р°СЂРіСѓРјРµРЅС‚С‹: (<__main__.StoreProduct object at 0x000002757EBC0980>, 10), {}
2025-03-19 12:23:40,045 - INFO - Р’С‹Р·РѕРІ С„СѓРЅРєС†РёРё: apply_discount, РІСЂРµРјСЏ: 2025-03-19 12:23:40, Р°СЂРіСѓРјРµРЅС‚С‹: (<__main__.StoreProduct object at 0x000002757EBC0980>, 10), {}
2025-03-19 12:23:40,045 - INFO - Р’С‹Р·РѕРІ С„СѓРЅРєС†РёРё: apply_discount, РІСЂРµРјСЏ: 2025-03-19 12:23:40, Р°СЂРіСѓРјРµРЅС‚С‹: (<__main__.StoreProduct object at 0x000002757EBC0980>, 10), {}
2025-03-19 12:23:40,045 - INFO - Вызов функции: apply_discount, время: 2025-03-19 12:23:40, аргументы: (<__main__.StoreProduct object at 0x000002757EBC0980>, 10), {}
2025-03-19 12:23:40,045 - INFO - РЎРєРёРґРєР° 10% РїСЂРёРјРµРЅРµРЅР°. РќРѕРІР°СЏ С†РµРЅР°: 810.00
2025-03-19 12:23:40,045 - INFO - РЎРєРёРґРєР° 10% РїСЂРёРјРµРЅРµРЅР°. РќРѕРІР°СЏ С†РµРЅР°: 810.00
2025-03-19 12:23:40,045 - INFO - РЎРєРёРґРєР° 10% РїСЂРёРјРµРЅРµРЅР°. РќРѕРІР°СЏ С†РµРЅР°: 810.00
2025-03-19 12:23:40,045 - INFO - РЎРєРёРґРєР° 10% РїСЂРёРјРµРЅРµРЅР°. РќРѕРІР°СЏ С†РµРЅР°: 810.00
2025-03-19 12:23:40,045 - INFO - Скидка 10% применена. Новая цена: 810.00
2025-03-19 12:23:40,046 - INFO - Р’С‹Р·РѕРІ С„СѓРЅРєС†РёРё: list_products, РІСЂРµРјСЏ: 2025-03-19 12:23:40, Р°СЂРіСѓРјРµРЅС‚С‹: (<__main__.Store object at 0x000002757EBC06E0>,), {}
2025-03-19 12:23:40,046 - INFO - Р’С‹Р·РѕРІ С„СѓРЅРєС†РёРё: list_products, РІСЂРµРјСЏ: 2025-03-19 12:23:40, Р°СЂРіСѓРјРµРЅС‚С‹: (<__main__.Store object at 0x000002757EBC06E0>,), {}
2025-03-19 12:23:40,046 - INFO - Р’С‹Р·РѕРІ С„СѓРЅРєС†РёРё: list_products, РІСЂРµРјСЏ: 2025-03-19 12:23:40, Р°СЂРіСѓРјРµРЅС‚С‹: (<__main__.Store object at 0x000002757EBC06E0>,), {}
2025-03-19 12:23:40,046 - INFO - Р’С‹Р·РѕРІ С„СѓРЅРєС†РёРё: list_products, РІСЂРµРјСЏ: 2025-03-19 12:23:40, Р°СЂРіСѓРјРµРЅС‚С‹: (<__main__.Store object at 0x000002757EBC06E0>,), {}
2025-03-19 12:23:40,046 - INFO - Вызов функции: list_products, время: 2025-03-19 12:23:40, аргументы: (<__main__.Store object at 0x000002757EBC06E0>,), {}
